2026.03.30 19:30:34 INFO  Started: Metals version 1.6.6 in folders 'C:\Users\User\OneDrive\Desktop\Buteelt\Biy daalt' for client Visual Studio Code 1.113.0.
2026.03.30 19:30:34 INFO  Memory monitor started
2026.03.30 19:30:36 WARN  Using H2 2.4.240 which is newer than the version Flyway has been verified with. The latest verified version of H2 is 2.3.232.
2026.03.30 19:30:37 INFO  no build target found for C:\Users\User\OneDrive\Desktop\Buteelt\Biy daalt\flashcard-system\src\main\java\mn\num\flashcard\Card.java. Using fallback presentation compiler.
Mar 30, 2026 7:30:39 PM org.eclipse.lsp4j.jsonrpc.RemoteEndpoint handleCancellation
WARNING: Unmatched cancel notification for request id 2
Mar 30, 2026 7:30:39 PM org.eclipse.lsp4j.jsonrpc.RemoteEndpoint handleCancellation
WARNING: Unmatched cancel notification for request id 1
2026.03.30 19:30:39 INFO  no build target found for C:\Users\User\OneDrive\Desktop\Buteelt\Biy daalt\flashcard-system\src\main\java\mn\num\flashcard\CardOrganizer.java. Using fallback presentation compiler.
2026.03.30 19:30:39 INFO  no build target found for C:\Users\User\OneDrive\Desktop\Buteelt\Biy daalt\flashcard-system\src\main\java\mn\num\flashcard\CardOrganizer.java. Using fallback presentation compiler.
2026.03.30 19:30:39 INFO  no build target found for C:\Users\User\OneDrive\Desktop\Buteelt\Biy daalt\flashcard-system\src\main\java\mn\num\flashcard\CardOrganizer.java. Using fallback presentation compiler.
Mar 30, 2026 7:30:40 PM org.eclipse.lsp4j.jsonrpc.RemoteEndpoint handleCancellation
WARNING: Unmatched cancel notification for request id 12
2026.03.30 19:30:39 INFO  no build target found for C:\Users\User\OneDrive\Desktop\Buteelt\Biy daalt\flashcard-system\src\main\java\mn\num\flashcard\CardOrganizer.java. Using fallback presentation compiler.
Mar 30, 2026 7:30:40 PM org.eclipse.lsp4j.jsonrpc.RemoteEndpoint handleCancellation
WARNING: Unmatched cancel notification for request id 8
Mar 30, 2026 7:30:40 PM org.eclipse.lsp4j.jsonrpc.RemoteEndpoint handleCancellation
WARNING: Unmatched cancel notification for request id 6
2026.03.30 19:30:41 INFO  no build target found for C:\Users\User\OneDrive\Desktop\Buteelt\Biy daalt\flashcard-system\src\main\java\mn\num\flashcard\CardOrganizer.java. Using fallback presentation compiler.
2026.03.30 19:30:42 INFO  no build target found for C:\Users\User\OneDrive\Desktop\Buteelt\Biy daalt\flashcard-system\src\main\java\mn\num\flashcard\CardOrganizer.java. Using fallback presentation compiler.
2026.03.30 19:30:42 INFO  no build target found for C:\Users\User\OneDrive\Desktop\Buteelt\Biy daalt\flashcard-system\src\main\java\mn\num\flashcard\CardOrganizer.java. Using fallback presentation compiler.
2026.03.30 19:30:42 INFO  no build target found for C:\Users\User\OneDrive\Desktop\Buteelt\Biy daalt\flashcard-system\src\main\java\mn\num\flashcard\CardOrganizer.java. Using fallback presentation compiler.
2026.03.30 19:30:42 INFO  no build target found for C:\Users\User\OneDrive\Desktop\Buteelt\Biy daalt\flashcard-system\src\main\java\mn\num\flashcard\CardOrganizer.java. Using fallback presentation compiler.
2026.03.30 19:30:42 INFO  no build target found for C:\Users\User\OneDrive\Desktop\Buteelt\Biy daalt\flashcard-system\src\main\java\mn\num\flashcard\CardOrganizer.java. Using fallback presentation compiler.
2026.03.30 19:30:44 INFO  no build target found for C:\Users\User\OneDrive\Desktop\Buteelt\Biy daalt\flashcard-system\src\main\java\mn\num\flashcard\CardOrganizer.java. Using fallback presentation compiler.
2026.03.30 19:30:59 INFO  no build target found for C:\Users\User\OneDrive\Desktop\Buteelt\Biy daalt\flashcard-system\src\main\java\mn\num\flashcard\RecentMistakesFirstSorter.java. Using fallback presentation compiler.
2026.03.30 19:30:59 INFO  no build target found for C:\Users\User\OneDrive\Desktop\Buteelt\Biy daalt\flashcard-system\src\main\java\mn\num\flashcard\RecentMistakesFirstSorter.java. Using fallback presentation compiler.
2026.03.30 19:30:59 INFO  no build target found for C:\Users\User\OneDrive\Desktop\Buteelt\Biy daalt\flashcard-system\src\main\java\mn\num\flashcard\RecentMistakesFirstSorter.java. Using fallback presentation compiler.
2026.03.30 19:30:59 INFO  no build target found for C:\Users\User\OneDrive\Desktop\Buteelt\Biy daalt\flashcard-system\src\main\java\mn\num\flashcard\RecentMistakesFirstSorter.java. Using fallback presentation compiler.
Mar 30, 2026 7:31:00 PM org.eclipse.lsp4j.jsonrpc.RemoteEndpoint handleCancellation
WARNING: Unmatched cancel notification for request id 40
2026.03.30 19:31:00 INFO  no build target found for C:\Users\User\OneDrive\Desktop\Buteelt\Biy daalt\flashcard-system\src\main\java\mn\num\flashcard\RecentMistakesFirstSorter.java. Using fallback presentation compiler.
2026.03.30 19:31:08 INFO  no build target found for C:\Users\User\OneDrive\Desktop\Buteelt\Biy daalt\flashcard-system\src\main\java\mn\num\flashcard\RecentMistakesFirstSorter.java. Using fallback presentation compiler.
2026.03.30 19:31:08 INFO  no build target found for C:\Users\User\OneDrive\Desktop\Buteelt\Biy daalt\flashcard-system\src\main\java\mn\num\flashcard\RecentMistakesFirstSorter.java. Using fallback presentation compiler.
2026.03.30 19:31:08 INFO  no build target found for C:\Users\User\OneDrive\Desktop\Buteelt\Biy daalt\flashcard-system\src\main\java\mn\num\flashcard\RecentMistakesFirstSorter.java. Using fallback presentation compiler.
2026.03.30 19:31:08 INFO  no build target found for C:\Users\User\OneDrive\Desktop\Buteelt\Biy daalt\flashcard-system\src\main\java\mn\num\flashcard\RecentMistakesFirstSorter.java. Using fallback presentation compiler.
2026.03.30 19:31:08 INFO  no build target found for C:\Users\User\OneDrive\Desktop\Buteelt\Biy daalt\flashcard-system\src\main\java\mn\num\flashcard\RecentMistakesFirstSorter.java. Using fallback presentation compiler.
2026.03.30 19:31:09 WARN  no build target for: C:\Users\User\OneDrive\Desktop\Buteelt\Biy daalt\flashcard-system\src\main\java\mn\num\flashcard\RecentMistakesFirstSorter.java
2026.03.30 19:31:10 INFO  no build target found for C:\Users\User\OneDrive\Desktop\Buteelt\Biy daalt\flashcard-system\src\main\java\mn\num\flashcard\RecentMistakesFirstSorter.java. Using fallback presentation compiler.
2026.03.30 19:31:10 WARN  Running javac-semanticdb failed for file:///C:/Users/User/OneDrive/Desktop/Buteelt/Biy%20daalt/flashcard-system/src/main/java/mn/num/flashcard/RecentMistakesFirstSorter.java. Output:

2026.03.30 19:31:17 INFO  no build target found for C:\Users\User\OneDrive\Desktop\Buteelt\Biy daalt\flashcard-system\src\main\java\mn\num\flashcard\App.java. Using fallback presentation compiler.
2026.03.30 19:31:17 INFO  no build target found for C:\Users\User\OneDrive\Desktop\Buteelt\Biy daalt\flashcard-system\src\main\java\mn\num\flashcard\App.java. Using fallback presentation compiler.
2026.03.30 19:31:17 INFO  no build target found for C:\Users\User\OneDrive\Desktop\Buteelt\Biy daalt\flashcard-system\src\main\java\mn\num\flashcard\App.java. Using fallback presentation compiler.
2026.03.30 19:31:17 INFO  no build target found for C:\Users\User\OneDrive\Desktop\Buteelt\Biy daalt\flashcard-system\src\main\java\mn\num\flashcard\App.java. Using fallback presentation compiler.
2026.03.30 19:31:18 INFO  no build target found for C:\Users\User\OneDrive\Desktop\Buteelt\Biy daalt\flashcard-system\src\main\java\mn\num\flashcard\App.java. Using fallback presentation compiler.
2026.03.30 19:31:19 INFO  no build target found for C:\Users\User\OneDrive\Desktop\Buteelt\Biy daalt\flashcard-system\src\main\java\mn\num\flashcard\App.java. Using fallback presentation compiler.
2026.03.30 19:31:19 INFO  no build target found for C:\Users\User\OneDrive\Desktop\Buteelt\Biy daalt\flashcard-system\src\main\java\mn\num\flashcard\App.java. Using fallback presentation compiler.
Mar 30, 2026 7:31:20 PM org.eclipse.lsp4j.jsonrpc.RemoteEndpoint handleCancellation
WARNING: Unmatched cancel notification for request id 73
2026.03.30 19:31:19 INFO  no build target found for C:\Users\User\OneDrive\Desktop\Buteelt\Biy daalt\flashcard-system\src\main\java\mn\num\flashcard\App.java. Using fallback presentation compiler.
2026.03.30 19:31:20 INFO  no build target found for C:\Users\User\OneDrive\Desktop\Buteelt\Biy daalt\flashcard-system\src\main\java\mn\num\flashcard\App.java. Using fallback presentation compiler.
2026.03.30 19:31:19 INFO  no build target found for C:\Users\User\OneDrive\Desktop\Buteelt\Biy daalt\flashcard-system\src\main\java\mn\num\flashcard\App.java. Using fallback presentation compiler.
2026.03.30 19:31:20 WARN  no build target for: C:\Users\User\OneDrive\Desktop\Buteelt\Biy daalt\flashcard-system\src\main\java\mn\num\flashcard\App.java
2026.03.30 19:31:21 INFO  no build target found for C:\Users\User\OneDrive\Desktop\Buteelt\Biy daalt\flashcard-system\src\main\java\mn\num\flashcard\App.java. Using fallback presentation compiler.
2026.03.30 19:31:20 WARN  Running javac-semanticdb failed for file:///C:/Users/User/OneDrive/Desktop/Buteelt/Biy%20daalt/flashcard-system/src/main/java/mn/num/flashcard/App.java. Output:

2026.03.30 19:31:22 INFO  no build target found for C:\Users\User\OneDrive\Desktop\Buteelt\Biy daalt\flashcard-system\src\main\java\mn\num\flashcard\App.java. Using fallback presentation compiler.
2026.03.30 19:31:25 INFO  no build target found for C:\Users\User\OneDrive\Desktop\Buteelt\Biy daalt\flashcard-system\src\main\java\mn\num\flashcard\CardOrganizer.java. Using fallback presentation compiler.
2026.03.30 19:31:25 WARN  no build target for: C:\Users\User\OneDrive\Desktop\Buteelt\Biy daalt\flashcard-system\src\main\java\mn\num\flashcard\CardOrganizer.java
2026.03.30 19:31:25 INFO  no build target found for C:\Users\User\OneDrive\Desktop\Buteelt\Biy daalt\flashcard-system\src\main\java\mn\num\flashcard\CardOrganizer.java. Using fallback presentation compiler.
2026.03.30 19:31:25 INFO  no build target found for C:\Users\User\OneDrive\Desktop\Buteelt\Biy daalt\flashcard-system\src\main\java\mn\num\flashcard\CardOrganizer.java. Using fallback presentation compiler.
2026.03.30 19:31:25 INFO  no build target found for C:\Users\User\OneDrive\Desktop\Buteelt\Biy daalt\flashcard-system\src\main\java\mn\num\flashcard\CardOrganizer.java. Using fallback presentation compiler.
2026.03.30 19:31:25 WARN  no build target for: C:\Users\User\OneDrive\Desktop\Buteelt\Biy daalt\flashcard-system\src\main\java\mn\num\flashcard\CardOrganizer.java
2026.03.30 19:31:26 INFO  no build target found for C:\Users\User\OneDrive\Desktop\Buteelt\Biy daalt\flashcard-system\src\main\java\mn\num\flashcard\CardOrganizer.java. Using fallback presentation compiler.
2026.03.30 19:31:26 WARN  Running javac-semanticdb failed for file:///C:/Users/User/OneDrive/Desktop/Buteelt/Biy%20daalt/flashcard-system/src/main/java/mn/num/flashcard/CardOrganizer.java. Output:

2026.03.30 19:31:41 INFO  no build target found for C:\Users\User\OneDrive\Desktop\Buteelt\Biy daalt\flashcard-system\src\main\java\mn\num\flashcard\App.java. Using fallback presentation compiler.
2026.03.30 19:31:41 WARN  no build target for: C:\Users\User\OneDrive\Desktop\Buteelt\Biy daalt\flashcard-system\src\main\java\mn\num\flashcard\App.java
2026.03.30 19:31:41 INFO  no build target found for C:\Users\User\OneDrive\Desktop\Buteelt\Biy daalt\flashcard-system\src\main\java\mn\num\flashcard\App.java. Using fallback presentation compiler.
2026.03.30 19:31:41 INFO  no build target found for C:\Users\User\OneDrive\Desktop\Buteelt\Biy daalt\flashcard-system\src\main\java\mn\num\flashcard\App.java. Using fallback presentation compiler.
2026.03.30 19:31:41 INFO  no build target found for C:\Users\User\OneDrive\Desktop\Buteelt\Biy daalt\flashcard-system\src\main\java\mn\num\flashcard\App.java. Using fallback presentation compiler.
2026.03.30 19:31:41 INFO  no build target found for C:\Users\User\OneDrive\Desktop\Buteelt\Biy daalt\flashcard-system\src\main\java\mn\num\flashcard\App.java. Using fallback presentation compiler.
2026.03.30 19:42:53 INFO  no build target found for C:\Users\User\OneDrive\Desktop\Buteelt\Biy daalt\flashcard-system\src\main\java\mn\num\flashcard\Card.java. Using fallback presentation compiler.
2026.03.30 19:42:54 WARN  no build target for: C:\Users\User\OneDrive\Desktop\Buteelt\Biy daalt\flashcard-system\src\main\java\mn\num\flashcard\Card.java
2026.03.30 19:42:53 INFO  no build target found for C:\Users\User\OneDrive\Desktop\Buteelt\Biy daalt\flashcard-system\src\main\java\mn\num\flashcard\Card.java. Using fallback presentation compiler.
Mar 30, 2026 7:42:54 PM org.eclipse.lsp4j.jsonrpc.RemoteEndpoint handleCancellation
WARNING: Unmatched cancel notification for request id 107
Mar 30, 2026 7:42:54 PM org.eclipse.lsp4j.jsonrpc.RemoteEndpoint handleCancellation
WARNING: Unmatched cancel notification for request id 110
2026.03.30 19:42:53 INFO  no build target found for C:\Users\User\OneDrive\Desktop\Buteelt\Biy daalt\flashcard-system\src\main\java\mn\num\flashcard\Card.java. Using fallback presentation compiler.
2026.03.30 19:42:54 INFO  no build target found for C:\Users\User\OneDrive\Desktop\Buteelt\Biy daalt\flashcard-system\src\main\java\mn\num\flashcard\Card.java. Using fallback presentation compiler.
2026.03.30 19:42:56 INFO  no build target found for C:\Users\User\OneDrive\Desktop\Buteelt\Biy daalt\flashcard-system\src\main\java\mn\num\flashcard\Card.java. Using fallback presentation compiler.
2026.03.30 19:42:56 INFO  no build target found for C:\Users\User\OneDrive\Desktop\Buteelt\Biy daalt\flashcard-system\src\main\java\mn\num\flashcard\Card.java. Using fallback presentation compiler.
2026.03.30 19:42:56 INFO  no build target found for C:\Users\User\OneDrive\Desktop\Buteelt\Biy daalt\flashcard-system\src\main\java\mn\num\flashcard\Card.java. Using fallback presentation compiler.
2026.03.30 19:42:56 INFO  no build target found for C:\Users\User\OneDrive\Desktop\Buteelt\Biy daalt\flashcard-system\src\main\java\mn\num\flashcard\Card.java. Using fallback presentation compiler.
2026.03.30 19:42:56 INFO  no build target found for C:\Users\User\OneDrive\Desktop\Buteelt\Biy daalt\flashcard-system\src\main\java\mn\num\flashcard\Card.java. Using fallback presentation compiler.
Mar 30, 2026 7:42:57 PM org.eclipse.lsp4j.jsonrpc.RemoteEndpoint handleCancellation
WARNING: Unmatched cancel notification for request id 119
2026.03.30 19:42:57 INFO  no build target found for C:\Users\User\OneDrive\Desktop\Buteelt\Biy daalt\flashcard-system\src\main\java\mn\num\flashcard\Card.java. Using fallback presentation compiler.
2026.03.30 19:42:58 WARN  no build target for: C:\Users\User\OneDrive\Desktop\Buteelt\Biy daalt\flashcard-system\src\main\java\mn\num\flashcard\Card.java
2026.03.30 19:42:58 INFO  no build target found for C:\Users\User\OneDrive\Desktop\Buteelt\Biy daalt\flashcard-system\src\main\java\mn\num\flashcard\Card.java. Using fallback presentation compiler.
2026.03.30 19:42:58 WARN  Running javac-semanticdb failed for file:///C:/Users/User/OneDrive/Desktop/Buteelt/Biy%20daalt/flashcard-system/src/main/java/mn/num/flashcard/Card.java. Output:

2026.03.30 19:43:10 INFO  no build target found for C:\Users\User\OneDrive\Desktop\Buteelt\Biy daalt\flashcard-system\src\main\java\mn\num\flashcard\App.java. Using fallback presentation compiler.
2026.03.30 19:43:10 WARN  no build target for: C:\Users\User\OneDrive\Desktop\Buteelt\Biy daalt\flashcard-system\src\main\java\mn\num\flashcard\App.java
2026.03.30 19:43:10 INFO  no build target found for C:\Users\User\OneDrive\Desktop\Buteelt\Biy daalt\flashcard-system\src\main\java\mn\num\flashcard\App.java. Using fallback presentation compiler.
2026.03.30 19:43:10 INFO  no build target found for C:\Users\User\OneDrive\Desktop\Buteelt\Biy daalt\flashcard-system\src\main\java\mn\num\flashcard\App.java. Using fallback presentation compiler.
2026.03.30 19:43:10 INFO  no build target found for C:\Users\User\OneDrive\Desktop\Buteelt\Biy daalt\flashcard-system\src\main\java\mn\num\flashcard\App.java. Using fallback presentation compiler.
2026.03.30 19:43:12 INFO  no build target found for C:\Users\User\OneDrive\Desktop\Buteelt\Biy daalt\flashcard-system\src\main\java\mn\num\flashcard\App.java. Using fallback presentation compiler.
2026.03.30 19:43:12 INFO  no build target found for C:\Users\User\OneDrive\Desktop\Buteelt\Biy daalt\flashcard-system\src\main\java\mn\num\flashcard\App.java. Using fallback presentation compiler.
2026.03.30 19:43:12 INFO  no build target found for C:\Users\User\OneDrive\Desktop\Buteelt\Biy daalt\flashcard-system\src\main\java\mn\num\flashcard\App.java. Using fallback presentation compiler.
2026.03.30 19:43:12 INFO  no build target found for C:\Users\User\OneDrive\Desktop\Buteelt\Biy daalt\flashcard-system\src\main\java\mn\num\flashcard\App.java. Using fallback presentation compiler.
2026.03.30 19:43:12 INFO  no build target found for C:\Users\User\OneDrive\Desktop\Buteelt\Biy daalt\flashcard-system\src\main\java\mn\num\flashcard\App.java. Using fallback presentation compiler.
2026.03.30 19:43:13 INFO  no build target found for C:\Users\User\OneDrive\Desktop\Buteelt\Biy daalt\flashcard-system\src\main\java\mn\num\flashcard\App.java. Using fallback presentation compiler.
2026.03.30 19:43:13 INFO  no build target found for C:\Users\User\OneDrive\Desktop\Buteelt\Biy daalt\flashcard-system\src\main\java\mn\num\flashcard\App.java. Using fallback presentation compiler.
2026.03.30 19:43:14 WARN  no build target for: C:\Users\User\OneDrive\Desktop\Buteelt\Biy daalt\flashcard-system\src\main\java\mn\num\flashcard\App.java
2026.03.30 19:43:14 INFO  no build target found for C:\Users\User\OneDrive\Desktop\Buteelt\Biy daalt\flashcard-system\src\main\java\mn\num\flashcard\App.java. Using fallback presentation compiler.
2026.03.30 19:43:15 INFO  Created report: Optional[file:///C:/Users/User/OneDrive/Desktop/Buteelt/Biy%20daalt/flashcard-system/src/main/java/mn/num/flashcard/App.java]
2026.03.30 19:43:15 WARN  Running javac-semanticdb failed for file:///C:/Users/User/OneDrive/Desktop/Buteelt/Biy%20daalt/flashcard-system/src/main/java/mn/num/flashcard/App.java. Output:

2026.03.30 19:43:15 INFO  QDox parse error in file:///C:/Users/User/OneDrive/Desktop/Buteelt/Biy%20daalt/flashcard-system/src/main/java/mn/num/flashcard/App.java (full report at: "C:\Users\User\OneDrive\Desktop\Buteelt\Biy daalt\.metals\.reports\metals-full\2026-03-30\r_qdox-error_19-43-15-058.md")
2026.03.30 19:43:16 INFO  no build target found for C:\Users\User\OneDrive\Desktop\Buteelt\Biy daalt\flashcard-system\src\main\java\mn\num\flashcard\App.java. Using fallback presentation compiler.
2026.03.30 19:43:28 INFO  no build target found for C:\Users\User\OneDrive\Desktop\Buteelt\Biy daalt\flashcard-system\src\main\java\mn\num\flashcard\App.java. Using fallback presentation compiler.
2026.03.30 19:46:58 INFO  no build target found for C:\Users\User\OneDrive\Desktop\Buteelt\Biy daalt\flashcard-system\src\main\java\mn\num\flashcard\App.java. Using fallback presentation compiler.
2026.03.30 19:46:58 INFO  no build target found for C:\Users\User\OneDrive\Desktop\Buteelt\Biy daalt\flashcard-system\src\main\java\mn\num\flashcard\App.java. Using fallback presentation compiler.
2026.03.30 19:46:58 INFO  no build target found for C:\Users\User\OneDrive\Desktop\Buteelt\Biy daalt\flashcard-system\src\main\java\mn\num\flashcard\App.java. Using fallback presentation compiler.
2026.03.30 19:50:04 INFO  no build target found for C:\Users\User\OneDrive\Desktop\Buteelt\Biy daalt\flashcard-system\src\test\java\mn\num\flashcard\AppTest.java. Using fallback presentation compiler.
2026.03.30 19:51:12 INFO  no build target found for C:\Users\User\OneDrive\Desktop\Buteelt\Biy daalt\flashcard-system\src\main\java\mn\num\flashcard\App.java. Using fallback presentation compiler.
2026.03.30 19:51:12 INFO  no build target found for C:\Users\User\OneDrive\Desktop\Buteelt\Biy daalt\flashcard-system\src\main\java\mn\num\flashcard\Card.java. Using fallback presentation compiler.
2026.03.30 19:51:12 INFO  no build target found for C:\Users\User\OneDrive\Desktop\Buteelt\Biy daalt\flashcard-system\src\main\java\mn\num\flashcard\RecentMistakesFirstSorter.java. Using fallback presentation compiler.
2026.03.30 19:51:12 INFO  no build target found for C:\Users\User\OneDrive\Desktop\Buteelt\Biy daalt\flashcard-system\src\test\java\mn\num\flashcard\AppTest.java. Using fallback presentation compiler.
2026.03.30 19:51:12 INFO  no build target found for C:\Users\User\OneDrive\Desktop\Buteelt\Biy daalt\flashcard-system\src\main\java\mn\num\flashcard\App.java. Using fallback presentation compiler.
2026.03.30 19:51:13 WARN  no build target for: C:\Users\User\OneDrive\Desktop\Buteelt\Biy daalt\flashcard-system\src\main\java\mn\num\flashcard\App.java
2026.03.30 19:51:13 WARN  no build target for: C:\Users\User\OneDrive\Desktop\Buteelt\Biy daalt\flashcard-system\src\main\java\mn\num\flashcard\Card.java
2026.03.30 19:51:13 WARN  no build target for: C:\Users\User\OneDrive\Desktop\Buteelt\Biy daalt\flashcard-system\src\main\java\mn\num\flashcard\RecentMistakesFirstSorter.java
2026.03.30 19:51:13 WARN  no build target for: C:\Users\User\OneDrive\Desktop\Buteelt\Biy daalt\flashcard-system\src\test\java\mn\num\flashcard\AppTest.java
2026.03.30 19:51:13 WARN  Running javac-semanticdb failed for file:///C:/Users/User/OneDrive/Desktop/Buteelt/Biy%20daalt/flashcard-system/src/main/java/mn/num/flashcard/Card.java. Output:

2026.03.30 19:51:14 WARN  Running javac-semanticdb failed for file:///C:/Users/User/OneDrive/Desktop/Buteelt/Biy%20daalt/flashcard-system/src/test/java/mn/num/flashcard/AppTest.java. Output:

2026.03.30 19:51:14 INFO  no build target found for C:\Users\User\OneDrive\Desktop\Buteelt\Biy daalt\flashcard-system\src\main\java\mn\num\flashcard\App.java. Using fallback presentation compiler.
2026.03.30 19:51:16 WARN  Running javac-semanticdb failed for file:///C:/Users/User/OneDrive/Desktop/Buteelt/Biy%20daalt/flashcard-system/src/main/java/mn/num/flashcard/App.java. Output:

2026.03.30 19:51:16 WARN  Running javac-semanticdb failed for file:///C:/Users/User/OneDrive/Desktop/Buteelt/Biy%20daalt/flashcard-system/src/main/java/mn/num/flashcard/RecentMistakesFirstSorter.java. Output:

2026.03.30 19:51:18 WARN  no build target for: C:\Users\User\OneDrive\Desktop\Buteelt\Biy daalt\flashcard-system\src\main\java\mn\num\flashcard\App.java
2026.03.30 19:51:18 WARN  no build target for: C:\Users\User\OneDrive\Desktop\Buteelt\Biy daalt\flashcard-system\src\main\java\mn\num\flashcard\RecentMistakesFirstSorter.java
2026.03.30 19:51:18 WARN  no build target for: C:\Users\User\OneDrive\Desktop\Buteelt\Biy daalt\flashcard-system\src\main\java\mn\num\flashcard\Card.java
2026.03.30 19:51:18 WARN  no build target for: C:\Users\User\OneDrive\Desktop\Buteelt\Biy daalt\flashcard-system\src\test\java\mn\num\flashcard\AppTest.java
2026.03.30 19:51:21 INFO  no build target found for C:\Users\User\OneDrive\Desktop\Buteelt\Biy daalt\flashcard-system\src\main\java\mn\num\flashcard\App.java. Using fallback presentation compiler.
Mar 30, 2026 7:51:31 PM org.eclipse.lsp4j.jsonrpc.services.GenericEndpoint notify
INFO: Unsupported notification method: $/setTrace
2026.03.30 19:53:27 INFO  no build target found for C:\Users\User\OneDrive\Desktop\Buteelt\Biy daalt\flashcard-system\src\main\java\mn\num\flashcard\App.java. Using fallback presentation compiler.
2026.03.30 19:53:27 INFO  no build target found for C:\Users\User\OneDrive\Desktop\Buteelt\Biy daalt\flashcard-system\src\main\java\mn\num\flashcard\App.java. Using fallback presentation compiler.
2026.03.30 19:53:27 INFO  no build target found for C:\Users\User\OneDrive\Desktop\Buteelt\Biy daalt\flashcard-system\src\main\java\mn\num\flashcard\Card.java. Using fallback presentation compiler.
2026.03.30 19:53:27 INFO  no build target found for C:\Users\User\OneDrive\Desktop\Buteelt\Biy daalt\flashcard-system\src\main\java\mn\num\flashcard\Card.java. Using fallback presentation compiler.
2026.03.30 19:53:28 INFO  no build target found for C:\Users\User\OneDrive\Desktop\Buteelt\Biy daalt\flashcard-system\src\main\java\mn\num\flashcard\Card.java. Using fallback presentation compiler.
2026.03.30 19:53:27 INFO  no build target found for C:\Users\User\OneDrive\Desktop\Buteelt\Biy daalt\flashcard-system\src\main\java\mn\num\flashcard\App.java. Using fallback presentation compiler.
2026.03.30 19:53:28 INFO  no build target found for C:\Users\User\OneDrive\Desktop\Buteelt\Biy daalt\flashcard-system\src\main\java\mn\num\flashcard\App.java. Using fallback presentation compiler.
2026.03.30 19:53:31 INFO  no build target found for C:\Users\User\OneDrive\Desktop\Buteelt\Biy daalt\flashcard-system\src\main\java\mn\num\flashcard\App.java. Using fallback presentation compiler.
2026.03.30 19:53:31 INFO  no build target found for C:\Users\User\OneDrive\Desktop\Buteelt\Biy daalt\flashcard-system\src\main\java\mn\num\flashcard\App.java. Using fallback presentation compiler.
2026.03.30 19:53:31 INFO  no build target found for C:\Users\User\OneDrive\Desktop\Buteelt\Biy daalt\flashcard-system\src\main\java\mn\num\flashcard\App.java. Using fallback presentation compiler.
2026.03.30 19:53:31 INFO  no build target found for C:\Users\User\OneDrive\Desktop\Buteelt\Biy daalt\flashcard-system\src\main\java\mn\num\flashcard\App.java. Using fallback presentation compiler.
2026.03.30 19:53:31 INFO  no build target found for C:\Users\User\OneDrive\Desktop\Buteelt\Biy daalt\flashcard-system\src\main\java\mn\num\flashcard\App.java. Using fallback presentation compiler.
2026.03.30 19:53:31 INFO  no build target found for C:\Users\User\OneDrive\Desktop\Buteelt\Biy daalt\flashcard-system\src\main\java\mn\num\flashcard\App.java. Using fallback presentation compiler.
2026.03.30 19:53:31 INFO  no build target found for C:\Users\User\OneDrive\Desktop\Buteelt\Biy daalt\flashcard-system\src\main\java\mn\num\flashcard\App.java. Using fallback presentation compiler.
2026.03.30 19:53:31 INFO  no build target found for C:\Users\User\OneDrive\Desktop\Buteelt\Biy daalt\flashcard-system\src\main\java\mn\num\flashcard\App.java. Using fallback presentation compiler.
2026.03.30 19:53:31 INFO  no build target found for C:\Users\User\OneDrive\Desktop\Buteelt\Biy daalt\flashcard-system\src\main\java\mn\num\flashcard\App.java. Using fallback presentation compiler.
2026.03.30 19:53:31 INFO  no build target found for C:\Users\User\OneDrive\Desktop\Buteelt\Biy daalt\flashcard-system\src\main\java\mn\num\flashcard\App.java. Using fallback presentation compiler.
2026.03.30 19:53:31 INFO  no build target found for C:\Users\User\OneDrive\Desktop\Buteelt\Biy daalt\flashcard-system\src\main\java\mn\num\flashcard\App.java. Using fallback presentation compiler.
2026.03.30 19:53:31 INFO  no build target found for C:\Users\User\OneDrive\Desktop\Buteelt\Biy daalt\flashcard-system\src\main\java\mn\num\flashcard\App.java. Using fallback presentation compiler.
2026.03.30 19:53:31 INFO  no build target found for C:\Users\User\OneDrive\Desktop\Buteelt\Biy daalt\flashcard-system\src\main\java\mn\num\flashcard\App.java. Using fallback presentation compiler.
2026.03.30 19:53:32 INFO  no build target found for C:\Users\User\OneDrive\Desktop\Buteelt\Biy daalt\flashcard-system\src\main\java\mn\num\flashcard\App.java. Using fallback presentation compiler.
2026.03.30 20:11:10 INFO  no build target found for C:\Users\User\OneDrive\Desktop\Buteelt\Biy daalt\flashcard-system\src\main\java\mn\num\flashcard\App.java. Using fallback presentation compiler.
2026.03.30 20:11:10 WARN  no build target for: C:\Users\User\OneDrive\Desktop\Buteelt\Biy daalt\flashcard-system\src\main\java\mn\num\flashcard\App.java
2026.03.30 20:11:10 INFO  no build target found for C:\Users\User\OneDrive\Desktop\Buteelt\Biy daalt\flashcard-system\src\main\java\mn\num\flashcard\App.java. Using fallback presentation compiler.
2026.03.30 20:11:11 WARN  Running javac-semanticdb failed for file:///C:/Users/User/OneDrive/Desktop/Buteelt/Biy%20daalt/flashcard-system/src/main/java/mn/num/flashcard/App.java. Output:

2026.03.30 20:11:14 WARN  no build target for: C:\Users\User\OneDrive\Desktop\Buteelt\Biy daalt\flashcard-system\src\main\java\mn\num\flashcard\App.java
2026.03.30 20:11:14 INFO  no build target found for C:\Users\User\OneDrive\Desktop\Buteelt\Biy daalt\flashcard-system\src\main\java\mn\num\flashcard\App.java. Using fallback presentation compiler.
2026.03.30 20:11:20 INFO  no build target found for C:\Users\User\OneDrive\Desktop\Buteelt\Biy daalt\flashcard-system\src\main\java\mn\num\flashcard\Card.java. Using fallback presentation compiler.
2026.03.30 20:11:20 WARN  no build target for: C:\Users\User\OneDrive\Desktop\Buteelt\Biy daalt\flashcard-system\src\main\java\mn\num\flashcard\Card.java
2026.03.30 20:11:20 WARN  Running javac-semanticdb failed for file:///C:/Users/User/OneDrive/Desktop/Buteelt/Biy%20daalt/flashcard-system/src/main/java/mn/num/flashcard/Card.java. Output:

2026.03.30 20:11:20 INFO  no build target found for C:\Users\User\OneDrive\Desktop\Buteelt\Biy daalt\flashcard-system\src\main\java\mn\num\flashcard\App.java. Using fallback presentation compiler.
2026.03.30 20:11:23 WARN  no build target for: C:\Users\User\OneDrive\Desktop\Buteelt\Biy daalt\flashcard-system\src\main\java\mn\num\flashcard\Card.java
2026.03.30 20:11:24 INFO  no build target found for C:\Users\User\OneDrive\Desktop\Buteelt\Biy daalt\flashcard-system\src\main\java\mn\num\flashcard\App.java. Using fallback presentation compiler.
2026.03.30 20:11:30 INFO  no build target found for C:\Users\User\OneDrive\Desktop\Buteelt\Biy daalt\flashcard-system\src\main\java\mn\num\flashcard\App.java. Using fallback presentation compiler.
2026.03.30 20:11:30 WARN  no build target for: C:\Users\User\OneDrive\Desktop\Buteelt\Biy daalt\flashcard-system\src\main\java\mn\num\flashcard\App.java
Mar 30, 2026 8:11:31 PM org.eclipse.lsp4j.jsonrpc.RemoteEndpoint handleCancellation
WARNING: Unmatched cancel notification for request id 206
2026.03.30 20:11:31 INFO  no build target found for C:\Users\User\OneDrive\Desktop\Buteelt\Biy daalt\flashcard-system\src\main\java\mn\num\flashcard\App.java. Using fallback presentation compiler.
2026.03.30 20:11:31 WARN  Running javac-semanticdb failed for file:///C:/Users/User/OneDrive/Desktop/Buteelt/Biy%20daalt/flashcard-system/src/main/java/mn/num/flashcard/App.java. Output:

2026.03.30 20:11:37 WARN  no build target for: C:\Users\User\OneDrive\Desktop\Buteelt\Biy daalt\flashcard-system\src\main\java\mn\num\flashcard\App.java
2026.03.30 20:11:37 INFO  no build target found for C:\Users\User\OneDrive\Desktop\Buteelt\Biy daalt\flashcard-system\src\main\java\mn\num\flashcard\App.java. Using fallback presentation compiler.
2026.03.30 20:15:18 INFO  no build target found for C:\Users\User\OneDrive\Desktop\Buteelt\Biy daalt\flashcard-system\src\main\java\mn\num\flashcard\App.java. Using fallback presentation compiler.
2026.03.30 20:15:19 INFO  no build target found for C:\Users\User\OneDrive\Desktop\Buteelt\Biy daalt\flashcard-system\src\main\java\mn\num\flashcard\App.java. Using fallback presentation compiler.
2026.03.30 20:15:19 INFO  no build target found for C:\Users\User\OneDrive\Desktop\Buteelt\Biy daalt\flashcard-system\src\main\java\mn\num\flashcard\App.java. Using fallback presentation compiler.
2026.03.30 20:15:19 INFO  no build target found for C:\Users\User\OneDrive\Desktop\Buteelt\Biy daalt\flashcard-system\src\main\java\mn\num\flashcard\App.java. Using fallback presentation compiler.
2026.03.30 20:15:19 INFO  no build target found for C:\Users\User\OneDrive\Desktop\Buteelt\Biy daalt\flashcard-system\src\main\java\mn\num\flashcard\App.java. Using fallback presentation compiler.
2026.03.30 20:15:19 INFO  no build target found for C:\Users\User\OneDrive\Desktop\Buteelt\Biy daalt\flashcard-system\src\main\java\mn\num\flashcard\App.java. Using fallback presentation compiler.
2026.03.30 20:15:19 INFO  Created report: Optional[file:///C:/Users/User/OneDrive/Desktop/Buteelt/Biy%20daalt/flashcard-system/src/main/java/mn/num/flashcard/App.java]
2026.03.30 20:15:19 INFO  empty definition using pc, found symbol in pc: mn/num/flashcard/App#run().invertCards. (full report at: "C:\Users\User\OneDrive\Desktop\Buteelt\Biy daalt\.metals\.reports\metals-full\2026-03-30\r_empty-definition_20-15-19-858.md")
2026.03.30 20:16:09 INFO  no build target found for C:\Users\User\OneDrive\Desktop\Buteelt\Biy daalt\flashcard-system\src\main\java\mn\num\flashcard\App.java. Using fallback presentation compiler.
2026.03.30 20:16:09 WARN  no build target for: C:\Users\User\OneDrive\Desktop\Buteelt\Biy daalt\flashcard-system\src\main\java\mn\num\flashcard\App.java
2026.03.30 20:16:09 INFO  no build target found for C:\Users\User\OneDrive\Desktop\Buteelt\Biy daalt\flashcard-system\src\main\java\mn\num\flashcard\App.java. Using fallback presentation compiler.
2026.03.30 20:17:33 INFO  Shutting down server
2026.03.30 20:17:33 INFO  Memory monitor stopped
2026.03.30 20:17:33 INFO  shutting down Metals
2026.03.30 20:17:33 INFO  Exiting server
2026.03.30 20:17:33 ERROR Unexpected error initializing server: 
org.eclipse.lsp4j.jsonrpc.ResponseErrorException: Request window/showMessageRequest failed with message: Canceled
	at org.eclipse.lsp4j.jsonrpc.RemoteEndpoint.handleResponse(RemoteEndpoint.java:214)
	at org.eclipse.lsp4j.jsonrpc.RemoteEndpoint.consume(RemoteEndpoint.java:198)
	at org.eclipse.lsp4j.jsonrpc.json.StreamMessageProducer.handleMessage(StreamMessageProducer.java:189)
	at org.eclipse.lsp4j.jsonrpc.json.StreamMessageProducer.listen(StreamMessageProducer.java:97)
	at org.eclipse.lsp4j.jsonrpc.json.ConcurrentMessageProcessor.run(ConcurrentMessageProcessor.java:97)
	at java.util.concurrent.Executors$RunnableAdapter.call(Executors.java:572)
	at java.util.concurrent.FutureTask.run(FutureTask.java:317)
	at java.util.concurrent.ThreadPoolExecutor.runWorker(ThreadPoolExecutor.java:1144)
	at java.util.concurrent.ThreadPoolExecutor$Worker.run(ThreadPoolExecutor.java:642)
	at java.lang.Thread.run(Thread.java:1575)

